This file contains any messages produced by compilers while
running configure, to aid debugging if configure makes a mistake.

It was created by tri configure 1.0, which was
generated by GNU Autoconf 2.61.  Invocation command line was

  $ ./configure 

## --------- ##
## Platform. ##
## --------- ##

hostname = DESKTOP-EKRI60V
uname -m = x86_64
uname -r = 5.15.68.1-microsoft-standard-WSL2
uname -s = Linux
uname -v = #1 SMP Mon Sep 19 19:14:52 UTC 2022

/usr/bin/uname -p = x86_64
/bin/uname -X     = unknown

/bin/arch              = x86_64
/usr/bin/arch -k       = unknown
/usr/convex/getsysinfo = unknown
/usr/bin/hostinfo      = unknown
/bin/machine           = unknown
/usr/bin/oslevel       = unknown
/bin/universe          = unknown

PATH: /usr/local/sbin
PATH: /usr/local/bin
PATH: /usr/sbin
PATH: /usr/bin
PATH: /sbin
PATH: /bin
PATH: /usr/games
PATH: /usr/local/games
PATH: /usr/lib/wsl/lib
PATH: /mnt/e/Oracle/orcl19_db_home/bin
PATH: /mnt/e/Oracle/WINDOWS.X64_193000_db_home/bin
PATH: /mnt/c/Program Files (x86)/NVIDIA Corporation/PhysX/Common
PATH: /mnt/e/VmWare/Workstation/bin/
PATH: /mnt/e/Python/Python3.10.2/Scripts/
PATH: /mnt/e/Python/Python3.10.2/
PATH: /mnt/e/Eclipse_Adoptium/jdk-17.0.1.12-hotspot/bin
PATH: /mnt/c/Program Files (x86)/Common Files/Oracle/Java/javapath
PATH: /mnt/c/Program Files (x86)/Razer/ChromaBroadcast/bin
PATH: /mnt/c/Program Files/Razer/ChromaBroadcast/bin
PATH: /mnt/c/WINDOWS/system32
PATH: /mnt/c/WINDOWS
PATH: /mnt/c/WINDOWS/System32/Wbem
PATH: /mnt/c/WINDOWS/System32/WindowsPowerShell/v1.0/
PATH: /mnt/c/WINDOWS/System32/OpenSSH/
PATH: /mnt/e/Gits/Git/cmd
PATH: /mnt/c/WINDOWS/system32/config/systemprofile/AppData/Local/Microsoft/WindowsApps
PATH: /mnt/c/Program Files/dotnet/
PATH: /mnt/e/nodejs/
PATH: /mnt/c/ProgramData/chocolatey/bin
PATH: /mnt/c/Program Files/PowerShell/7-preview/preview
PATH: /mnt/c/Program Files/Docker/Docker/
PATH: /mnt/c/Program Files/Docker/Docker/resources/bin
PATH: /mnt/c/ProgramData/DockerDesktop/version-bin
PATH: /mnt/e/GitHub CLI/
PATH: /mnt/c/Program Files/PowerShell/7/
PATH: /mnt/c/WINDOWS/system32
PATH: /mnt/c/WINDOWS
PATH: /mnt/c/WINDOWS/System32/Wbem
PATH: /mnt/c/WINDOWS/System32/WindowsPowerShell/v1.0/
PATH: /mnt/c/WINDOWS/System32/OpenSSH/
PATH: /mnt/e/Python/Python3.10.2/Scripts/
PATH: /mnt/e/Python/Python3.10.2/
PATH: /mnt/c/Users/mathy/AppData/Local/Programs/Python/Launcher/
PATH: /mnt/e/Python/Python3.9.10/Scripts/
PATH: /mnt/e/Python/Python3.9.10/
PATH: /mnt/c/Users/mathy/AppData/Local/Microsoft/WindowsApps
PATH: /mnt/c/Users/mathy/AppData/Local/GitHubDesktop/bin
PATH: /mnt/e/Microsoft VS Code/bin
PATH: /mnt/e/Notepad++
PATH: /mnt/e/MongoDB/Mongosh
PATH: /mnt/e/MongoDB/Server/5.0/bin
PATH: /mnt/e/MingGW/MinGW/bin
PATH: /mnt/c/Users/mathy/AppData/Roaming/npm
PATH: /mnt/c/Users/mathy/.dotnet/tools
PATH: /mnt/e/apache-ant-1.10.12/bin
PATH: /mnt/e/Eclipse_Adoptium/jdk-17.0.1.12-hotspot/bin
PATH: /mnt/e/apache-maven-3.8.6/bin
PATH: /snap/bin


## ----------- ##
## Core tests. ##
## ----------- ##

configure:1767: checking for a BSD-compatible install
configure:1823: result: /usr/bin/install -c
configure:1834: checking whether build environment is sane
configure:1877: result: yes
configure:1905: checking for a thread-safe mkdir -p
configure:1944: result: /usr/bin/mkdir -p
configure:1957: checking for gawk
configure:1973: found /usr/bin/gawk
configure:1984: result: gawk
configure:1995: checking whether make sets $(MAKE)
configure:2016: result: yes
configure:2254: checking for gcc
configure:2270: found /usr/bin/gcc
configure:2281: result: gcc
configure:2519: checking for C compiler version
configure:2526: gcc --version >&5
gcc (Ubuntu 9.4.0-1ubuntu1~20.04.1) 9.4.0
Copyright (C) 2019 Free Software Foundation, Inc.
This is free software; see the source for copying conditions.  There is NO
warranty; not even for MERCHANTABILITY or FITNESS FOR A PARTICULAR PURPOSE.

configure:2529: $? = 0
configure:2536: gcc -v >&5
Using built-in specs.
COLLECT_GCC=gcc
COLLECT_LTO_WRAPPER=/usr/lib/gcc/x86_64-linux-gnu/9/lto-wrapper
OFFLOAD_TARGET_NAMES=nvptx-none:hsa
OFFLOAD_TARGET_DEFAULT=1
Target: x86_64-linux-gnu
Configured with: ../src/configure -v --with-pkgversion='Ubuntu 9.4.0-1ubuntu1~20.04.1' --with-bugurl=file:///usr/share/doc/gcc-9/README.Bugs --enable-languages=c,ada,c++,go,brig,d,fortran,objc,obj-c++,gm2 --prefix=/usr --with-gcc-major-version-only --program-suffix=-9 --program-prefix=x86_64-linux-gnu- --enable-shared --enable-linker-build-id --libexecdir=/usr/lib --without-included-gettext --enable-threads=posix --libdir=/usr/lib --enable-nls --enable-clocale=gnu --enable-libstdcxx-debug --enable-libstdcxx-time=yes --with-default-libstdcxx-abi=new --enable-gnu-unique-object --disable-vtable-verify --enable-plugin --enable-default-pie --with-system-zlib --with-target-system-zlib=auto --enable-objc-gc=auto --enable-multiarch --disable-werror --with-arch-32=i686 --with-abi=m64 --with-multilib-list=m32,m64,mx32 --enable-multilib --with-tune=generic --enable-offload-targets=nvptx-none=/build/gcc-9-Av3uEd/gcc-9-9.4.0/debian/tmp-nvptx/usr,hsa --without-cuda-driver --enable-checking=release --build=x86_64-linux-gnu --host=x86_64-linux-gnu --target=x86_64-linux-gnu
Thread model: posix
gcc version 9.4.0 (Ubuntu 9.4.0-1ubuntu1~20.04.1) 
configure:2539: $? = 0
configure:2546: gcc -V >&5
gcc: error: unrecognized command line option '-V'
gcc: fatal error: no input files
compilation terminated.
configure:2549: $? = 1
configure:2572: checking for C compiler default output file name
configure:2599: gcc    conftest.c  >&5
configure:2602: $? = 0
configure:2640: result: a.out
configure:2657: checking whether the C compiler works
configure:2667: ./a.out
configure:2670: $? = 0
configure:2687: result: yes
configure:2694: checking whether we are cross compiling
configure:2696: result: no
configure:2699: checking for suffix of executables
configure:2706: gcc -o conftest    conftest.c  >&5
configure:2709: $? = 0
configure:2733: result: 
configure:2739: checking for suffix of object files
configure:2765: gcc -c   conftest.c >&5
configure:2768: $? = 0
configure:2791: result: o
configure:2795: checking whether we are using the GNU C compiler
configure:2824: gcc -c   conftest.c >&5
configure:2830: $? = 0
configure:2847: result: yes
configure:2852: checking whether gcc accepts -g
configure:2882: gcc -c -g  conftest.c >&5
configure:2888: $? = 0
configure:2987: result: yes
configure:3004: checking for gcc option to accept ISO C89
configure:3078: gcc  -c -g -O2  conftest.c >&5
configure:3084: $? = 0
configure:3107: result: none needed
configure:3136: checking for style of include used by make
configure:3164: result: GNU
configure:3189: checking dependency style of gcc
configure:3280: result: gcc3
configure:3296: checking whether gcc and cc understand -c and -o together
configure:3331: gcc -c conftest.c -o conftest2.o >&5
configure:3334: $? = 0
configure:3340: gcc -c conftest.c -o conftest2.o >&5
configure:3343: $? = 0
configure:3354: cc -c conftest.c >&5
configure:3357: $? = 0
configure:3365: cc -c conftest.c -o conftest2.o >&5
configure:3368: $? = 0
configure:3374: cc -c conftest.c -o conftest2.o >&5
configure:3377: $? = 0
configure:3395: result: yes
configure:3425: checking for pthread_create in -lpthread
configure:3460: gcc -o conftest -g -O2   conftest.c -lpthread   >&5
configure:3466: $? = 0
configure:3484: result: yes
configure:3502: checking how to run the C preprocessor
configure:3542: gcc -E  conftest.c
configure:3548: $? = 0
configure:3579: gcc -E  conftest.c
conftest.c:11:10: fatal error: ac_nonexistent.h: No such file or directory
   11 | #include <ac_nonexistent.h>
      |          ^~~~~~~~~~~~~~~~~~
compilation terminated.
configure:3585: $? = 1
configure: failed program was:
| /* confdefs.h.  */
| #define PACKAGE_NAME "tri"
| #define PACKAGE_TARNAME "tri"
| #define PACKAGE_VERSION "1.0"
| #define PACKAGE_STRING "tri 1.0"
| #define PACKAGE_BUGREPORT "guillaume.huard@imag.fr"
| #define PACKAGE "tri"
| #define VERSION "1.0"
| #define HAVE_LIBPTHREAD 1
| /* end confdefs.h.  */
| #include <ac_nonexistent.h>
configure:3618: result: gcc -E
configure:3647: gcc -E  conftest.c
configure:3653: $? = 0
configure:3684: gcc -E  conftest.c
conftest.c:11:10: fatal error: ac_nonexistent.h: No such file or directory
   11 | #include <ac_nonexistent.h>
      |          ^~~~~~~~~~~~~~~~~~
compilation terminated.
configure:3690: $? = 1
configure: failed program was:
| /* confdefs.h.  */
| #define PACKAGE_NAME "tri"
| #define PACKAGE_TARNAME "tri"
| #define PACKAGE_VERSION "1.0"
| #define PACKAGE_STRING "tri 1.0"
| #define PACKAGE_BUGREPORT "guillaume.huard@imag.fr"
| #define PACKAGE "tri"
| #define VERSION "1.0"
| #define HAVE_LIBPTHREAD 1
| /* end confdefs.h.  */
| #include <ac_nonexistent.h>
configure:3728: checking for grep that handles long lines and -e
configure:3802: result: /usr/bin/grep
configure:3807: checking for egrep
configure:3885: result: /usr/bin/grep -E
configure:3890: checking for ANSI C header files
configure:3920: gcc -c -g -O2  conftest.c >&5
configure:3926: $? = 0
configure:4025: gcc -o conftest -g -O2   conftest.c -lpthread  >&5
configure:4028: $? = 0
configure:4034: ./conftest
configure:4037: $? = 0
configure:4054: result: yes
configure:4064: checking for sys/wait.h that is POSIX.1 compatible
configure:4100: gcc -c -g -O2  conftest.c >&5
configure:4106: $? = 0
configure:4121: result: yes
configure:4145: checking for sys/types.h
configure:4166: gcc -c -g -O2  conftest.c >&5
configure:4172: $? = 0
configure:4188: result: yes
configure:4145: checking for sys/stat.h
configure:4166: gcc -c -g -O2  conftest.c >&5
configure:4172: $? = 0
configure:4188: result: yes
configure:4145: checking for stdlib.h
configure:4166: gcc -c -g -O2  conftest.c >&5
configure:4172: $? = 0
configure:4188: result: yes
configure:4145: checking for string.h
configure:4166: gcc -c -g -O2  conftest.c >&5
configure:4172: $? = 0
configure:4188: result: yes
configure:4145: checking for memory.h
configure:4166: gcc -c -g -O2  conftest.c >&5
configure:4172: $? = 0
configure:4188: result: yes
configure:4145: checking for strings.h
configure:4166: gcc -c -g -O2  conftest.c >&5
configure:4172: $? = 0
configure:4188: result: yes
configure:4145: checking for inttypes.h
configure:4166: gcc -c -g -O2  conftest.c >&5
configure:4172: $? = 0
configure:4188: result: yes
configure:4145: checking for stdint.h
configure:4166: gcc -c -g -O2  conftest.c >&5
configure:4172: $? = 0
configure:4188: result: yes
configure:4145: checking for unistd.h
configure:4166: gcc -c -g -O2  conftest.c >&5
configure:4172: $? = 0
configure:4188: result: yes
configure:4207: checking for stdlib.h
configure:4213: result: yes
configure:4217: checking sys/time.h usability
configure:4234: gcc -c -g -O2  conftest.c >&5
configure:4240: $? = 0
configure:4254: result: yes
configure:4258: checking sys/time.h presence
configure:4273: gcc -E  conftest.c
configure:4279: $? = 0
configure:4293: result: yes
configure:4326: checking for sys/time.h
configure:4334: result: yes
configure:4207: checking for unistd.h
configure:4213: result: yes
configure:4349: checking for size_t
configure:4379: gcc -c -g -O2  conftest.c >&5
configure:4385: $? = 0
configure:4400: result: yes
configure:4412: checking whether time.h and sys/time.h may both be included
configure:4442: gcc -c -g -O2  conftest.c >&5
configure:4448: $? = 0
configure:4463: result: yes
configure:4480: checking for stdlib.h
configure:4486: result: yes
configure:4620: checking for GNU libc compatible malloc
configure:4654: gcc -o conftest -g -O2   conftest.c -lpthread  >&5
configure:4657: $? = 0
configure:4663: ./conftest
configure:4666: $? = 0
configure:4682: result: yes
configure:4714: checking for gettimeofday
configure:4770: gcc -o conftest -g -O2   conftest.c -lpthread  >&5
configure:4776: $? = 0
configure:4794: result: yes
configure:4943: creating ./config.status

## ---------------------- ##
## Running config.status. ##
## ---------------------- ##

This file was extended by tri config.status 1.0, which was
generated by GNU Autoconf 2.61.  Invocation command line was

  CONFIG_FILES    = 
  CONFIG_HEADERS  = 
  CONFIG_LINKS    = 
  CONFIG_COMMANDS = 
  $ ./config.status 

on DESKTOP-EKRI60V

config.status:618: creating Makefile
config.status:809: executing depfiles commands

## ---------------- ##
## Cache variables. ##
## ---------------- ##

ac_cv_c_compiler_gnu=yes
ac_cv_env_CC_set=
ac_cv_env_CC_value=
ac_cv_env_CFLAGS_set=
ac_cv_env_CFLAGS_value=
ac_cv_env_CPPFLAGS_set=
ac_cv_env_CPPFLAGS_value=
ac_cv_env_CPP_set=
ac_cv_env_CPP_value=
ac_cv_env_LDFLAGS_set=
ac_cv_env_LDFLAGS_value=
ac_cv_env_LIBS_set=
ac_cv_env_LIBS_value=
ac_cv_env_build_alias_set=
ac_cv_env_build_alias_value=
ac_cv_env_host_alias_set=
ac_cv_env_host_alias_value=
ac_cv_env_target_alias_set=
ac_cv_env_target_alias_value=
ac_cv_func_gettimeofday=yes
ac_cv_func_malloc_0_nonnull=yes
ac_cv_header_inttypes_h=yes
ac_cv_header_memory_h=yes
ac_cv_header_stdc=yes
ac_cv_header_stdint_h=yes
ac_cv_header_stdlib_h=yes
ac_cv_header_string_h=yes
ac_cv_header_strings_h=yes
ac_cv_header_sys_stat_h=yes
ac_cv_header_sys_time_h=yes
ac_cv_header_sys_types_h=yes
ac_cv_header_sys_wait_h=yes
ac_cv_header_time=yes
ac_cv_header_unistd_h=yes
ac_cv_lib_pthread_pthread_create=yes
ac_cv_objext=o
ac_cv_path_EGREP='/usr/bin/grep -E'
ac_cv_path_GREP=/usr/bin/grep
ac_cv_path_install='/usr/bin/install -c'
ac_cv_path_mkdir=/usr/bin/mkdir
ac_cv_prog_AWK=gawk
ac_cv_prog_CPP='gcc -E'
ac_cv_prog_ac_ct_CC=gcc
ac_cv_prog_cc_c89=
ac_cv_prog_cc_g=yes
ac_cv_prog_cc_gcc_c_o=yes
ac_cv_prog_make_make_set=yes
ac_cv_type_size_t=yes
am_cv_CC_dependencies_compiler_type=gcc3

## ----------------- ##
## Output variables. ##
## ----------------- ##

ACLOCAL='${SHELL} /mnt/d/Master/S7/CSE_Conception_des_systemes_dexploitation_et_programmation_concurrente/Cours/12.TP_Evaluation_de_performances/TP_Performances/tri-1.0/missing --run aclocal-1.10'
AMDEPBACKSLASH='\'
AMDEP_FALSE='#'
AMDEP_TRUE=''
AMTAR='${SHELL} /mnt/d/Master/S7/CSE_Conception_des_systemes_dexploitation_et_programmation_concurrente/Cours/12.TP_Evaluation_de_performances/TP_Performances/tri-1.0/missing --run tar'
AUTOCONF='${SHELL} /mnt/d/Master/S7/CSE_Conception_des_systemes_dexploitation_et_programmation_concurrente/Cours/12.TP_Evaluation_de_performances/TP_Performances/tri-1.0/missing --run autoconf'
AUTOHEADER='${SHELL} /mnt/d/Master/S7/CSE_Conception_des_systemes_dexploitation_et_programmation_concurrente/Cours/12.TP_Evaluation_de_performances/TP_Performances/tri-1.0/missing --run autoheader'
AUTOMAKE='${SHELL} /mnt/d/Master/S7/CSE_Conception_des_systemes_dexploitation_et_programmation_concurrente/Cours/12.TP_Evaluation_de_performances/TP_Performances/tri-1.0/missing --run automake-1.10'
AWK='gawk'
CC='gcc'
CCDEPMODE='depmode=gcc3'
CFLAGS='-g -O2'
CPP='gcc -E'
CPPFLAGS=''
CYGPATH_W='echo'
DEFS='-DPACKAGE_NAME=\"tri\" -DPACKAGE_TARNAME=\"tri\" -DPACKAGE_VERSION=\"1.0\" -DPACKAGE_STRING=\"tri\ 1.0\" -DPACKAGE_BUGREPORT=\"guillaume.huard@imag.fr\" -DPACKAGE=\"tri\" -DVERSION=\"1.0\" -DHAVE_LIBPTHREAD=1 -DSTDC_HEADERS=1 -DHAVE_SYS_WAIT_H=1 -DHAVE_SYS_TYPES_H=1 -DHAVE_SYS_STAT_H=1 -DHAVE_STDLIB_H=1 -DHAVE_STRING_H=1 -DHAVE_MEMORY_H=1 -DHAVE_STRINGS_H=1 -DHAVE_INTTYPES_H=1 -DHAVE_STDINT_H=1 -DHAVE_UNISTD_H=1 -DHAVE_STDLIB_H=1 -DHAVE_SYS_TIME_H=1 -DHAVE_UNISTD_H=1 -DTIME_WITH_SYS_TIME=1 -DHAVE_STDLIB_H=1 -DHAVE_MALLOC=1 -DHAVE_GETTIMEOFDAY=1'
DEPDIR='.deps'
ECHO_C=''
ECHO_N='-n'
ECHO_T=''
EGREP='/usr/bin/grep -E'
EXEEXT=''
GREP='/usr/bin/grep'
INSTALL_DATA='${INSTALL} -m 644'
INSTALL_PROGRAM='${INSTALL}'
INSTALL_SCRIPT='${INSTALL}'
INSTALL_STRIP_PROGRAM='$(install_sh) -c -s'
LDFLAGS=''
LIBOBJS=''
LIBS='-lpthread '
LTLIBOBJS=''
MAKEINFO='${SHELL} /mnt/d/Master/S7/CSE_Conception_des_systemes_dexploitation_et_programmation_concurrente/Cours/12.TP_Evaluation_de_performances/TP_Performances/tri-1.0/missing --run makeinfo'
OBJEXT='o'
PACKAGE='tri'
PACKAGE_BUGREPORT='guillaume.huard@imag.fr'
PACKAGE_NAME='tri'
PACKAGE_STRING='tri 1.0'
PACKAGE_TARNAME='tri'
PACKAGE_VERSION='1.0'
PATH_SEPARATOR=':'
SET_MAKE=''
SHELL='/bin/bash'
STRIP=''
VERSION='1.0'
ac_ct_CC='gcc'
am__fastdepCC_FALSE='#'
am__fastdepCC_TRUE=''
am__include='include'
am__isrc=''
am__leading_dot='.'
am__quote=''
am__tar='${AMTAR} chof - "$$tardir"'
am__untar='${AMTAR} xf -'
bindir='${exec_prefix}/bin'
build_alias=''
datadir='${datarootdir}'
datarootdir='${prefix}/share'
docdir='${datarootdir}/doc/${PACKAGE_TARNAME}'
dvidir='${docdir}'
exec_prefix='${prefix}'
host_alias=''
htmldir='${docdir}'
includedir='${prefix}/include'
infodir='${datarootdir}/info'
install_sh='$(SHELL) /mnt/d/Master/S7/CSE_Conception_des_systemes_dexploitation_et_programmation_concurrente/Cours/12.TP_Evaluation_de_performances/TP_Performances/tri-1.0/install-sh'
libdir='${exec_prefix}/lib'
libexecdir='${exec_prefix}/libexec'
localedir='${datarootdir}/locale'
localstatedir='${prefix}/var'
mandir='${datarootdir}/man'
mkdir_p='/usr/bin/mkdir -p'
oldincludedir='/usr/include'
pdfdir='${docdir}'
prefix='/usr/local'
program_transform_name='s,x,x,'
psdir='${docdir}'
sbindir='${exec_prefix}/sbin'
sharedstatedir='${prefix}/com'
sysconfdir='${prefix}/etc'
target_alias=''

## ----------- ##
## confdefs.h. ##
## ----------- ##

#define PACKAGE_NAME "tri"
#define PACKAGE_TARNAME "tri"
#define PACKAGE_VERSION "1.0"
#define PACKAGE_STRING "tri 1.0"
#define PACKAGE_BUGREPORT "guillaume.huard@imag.fr"
#define PACKAGE "tri"
#define VERSION "1.0"
#define HAVE_LIBPTHREAD 1
#define STDC_HEADERS 1
#define HAVE_SYS_WAIT_H 1
#define HAVE_SYS_TYPES_H 1
#define HAVE_SYS_STAT_H 1
#define HAVE_STDLIB_H 1
#define HAVE_STRING_H 1
#define HAVE_MEMORY_H 1
#define HAVE_STRINGS_H 1
#define HAVE_INTTYPES_H 1
#define HAVE_STDINT_H 1
#define HAVE_UNISTD_H 1
#define HAVE_STDLIB_H 1
#define HAVE_SYS_TIME_H 1
#define HAVE_UNISTD_H 1
#define TIME_WITH_SYS_TIME 1
#define HAVE_STDLIB_H 1
#define HAVE_MALLOC 1
#define HAVE_GETTIMEOFDAY 1

configure: exit 0
